<?xml version="1.0" encoding="UTF-8"?>
<!-- Generated by org.testng.reporters.JUnitReportReporter -->
<testsuite skipped="0" hostname="DESKTOP-S8J8GPP" name="com.qa.tests.GetApiTest" tests="1" failures="0" timestamp="08 May 2019 08:39:26 GMT" time="3.070" errors="0">
  <testcase name="get" time="3.070" classname="com.qa.tests.GetApiTest"/>
</testsuite> <!-- com.qa.tests.GetApiTest -->
